Arguments: 
  D:\nodejs\node.exe C:\Users\deniz\AppData\Roaming\npm\node_modules\yarn\bin\yarn.js add uuid

PATH: 
  C:\Program Files (x86)\Common Files\Oracle\Java\javapath;C:\Python311\Scripts\;C:\Python311\;D:\gcc\bin;D:\gcc\libexec\gcc\x86_64-w64-mingw32\12.2.0;C:\Program Files (x86)\Razer\ChromaBroadcast\bin;C:\Program Files\Razer\ChromaBroadcast\bin;C:\Program Files (x86)\Razer Chroma SDK\bin;C:\Program Files\Razer Chroma SDK\bin;C:\Windows\system32;C:\Windows;C:\Windows\System32\Wbem;C:\Windows\System32\WindowsPowerShell\v1.0\;C:\Windows\System32\OpenSSH\;C:\Users\deniz\AppData\Local\Microsoft\WindowsApps;C:\Program Files\NVIDIA Corporation\NVIDIA NvDLISR;C:\Program Files (x86)\NVIDIA Corporation\PhysX\Common;C:\WINDOWS\system32;C:\WINDOWS;C:\WINDOWS\System32\Wbem;C:\WINDOWS\System32\WindowsPowerShell\v1.0\;C:\WINDOWS\System32\OpenSSH\;C:\WINDOWS\system32\config\systemprofile\AppData\Local\Microsoft\WindowsApps;C:\ProgramData\chocolatey\bin;C:\Program Files\dotnet\;D:\nodejs\;D:\mongoDB\mongosh-1.10.1-win32-x64\mongosh-1.10.1-win32-x64\bin;C:\Users\deniz\AppData\Local\Microsoft\WindowsApps;C:\Users\deniz\AppData\Local\Programs\Microsoft VS Code\bin;C:\Users\deniz\AppData\Local\GitHubDesktop\bin;C:\Users\deniz\AppData\Roaming\npm

Yarn version: 
  1.22.19

Node version: 
  18.16.1

Platform: 
  win32 x64

Trace: 
  Error: EPERM: operation not permitted, unlink 'C:\Users\deniz\Desktop\Chat-Application-Project-FullStack\server\node_modules\bcrypt\lib\binding\napi-v3\bcrypt_lib.node'

npm manifest: 
  {
    "dependencies": {
      "bcrypt": "^5.1.1",
      "cors": "^2.8.5",
      "dotenv": "^16.3.1",
      "express": "^4.18.2",
      "mongoose": "^7.4.3",
      "nodemon": "^3.0.1",
      "socket.io": "^4.7.2"
    },
    "scripts": {
      "start": "nodemon app.js"
    }
  }

yarn manifest: 
  No manifest

Lockfile: 
  No lockfile
